2023-10-18 16:54:03,087:INFO:models.py:16324:NewsArticle model creation started
2023-10-18 16:54:03,088:INFO:models.py:16324:NewsArticle model created successfully
2023-10-18 16:54:04,380:INFO:models.py:8892:NewsArticle model creation started
2023-10-18 16:54:04,380:INFO:models.py:8892:NewsArticle model created successfully
2023-10-18 16:54:04,473:INFO:autoreload.py:8892:Watching for file changes with StatReloader
2023-10-18 16:54:49,432:INFO:views.py:8892:basic news views called
2023-10-18 16:54:49,433:INFO:fetching.py:8892:fecthingfunc started
2023-10-18 16:54:49,439:DEBUG:connectionpool.py:8892:Starting new HTTPS connection (1): newsapi.org:443
2023-10-18 16:54:50,968:DEBUG:connectionpool.py:8892:https://newsapi.org:443 "GET /v2/everything?q=top-headlines&language=en HTTP/1.1" 200 None
2023-10-18 16:54:50,977:INFO:fetching.py:8892:fetchingfunction is end
2023-10-18 16:54:50,977:INFO:fetching.py:8892:fetchingfunction is end
2023-10-18 16:54:50,977:INFO:fetching.py:8892:fetchingfunction is end
2023-10-18 16:54:50,977:INFO:fetching.py:8892:fetchingfunction is end
2023-10-18 16:54:50,977:INFO:fetching.py:8892:fetchingfunction is end
2023-10-18 16:54:50,977:INFO:fetching.py:8892:fetchingfunction is end
2023-10-18 16:54:50,977:INFO:fetching.py:8892:fetchingfunction is end
2023-10-18 16:54:50,978:INFO:fetching.py:8892:fetchingfunction is end
2023-10-18 16:54:50,978:INFO:fetching.py:8892:fetchingfunction is end
2023-10-18 16:54:50,978:INFO:fetching.py:8892:fetchingfunction is end
2023-10-18 16:54:50,978:INFO:fetching.py:8892:fetchingfunction is end
2023-10-18 16:54:50,979:INFO:fetching.py:8892:fetchingfunction is end
2023-10-18 16:54:50,979:INFO:fetching.py:8892:fetchingfunction is end
2023-10-18 16:54:50,979:INFO:fetching.py:8892:fetchingfunction is end
2023-10-18 16:54:50,979:INFO:fetching.py:8892:fetchingfunction is end
2023-10-18 16:54:50,979:INFO:fetching.py:8892:fetchingfunction is end
2023-10-18 16:54:50,979:INFO:fetching.py:8892:fetchingfunction is end
2023-10-18 16:54:50,980:INFO:fetching.py:8892:fetchingfunction is end
2023-10-18 16:54:50,980:INFO:fetching.py:8892:fetchingfunction is end
2023-10-18 16:54:50,980:INFO:fetching.py:8892:fetchingfunction is end
2023-10-18 16:54:50,980:INFO:fetching.py:8892:fetchingfunction is end
2023-10-18 16:54:50,980:INFO:fetching.py:8892:fetchingfunction is end
2023-10-18 16:54:50,980:INFO:fetching.py:8892:fetchingfunction is end
2023-10-18 16:54:50,981:INFO:fetching.py:8892:fetchingfunction is end
2023-10-18 16:54:50,981:INFO:fetching.py:8892:fetchingfunction is end
2023-10-18 16:54:50,981:INFO:fetching.py:8892:fetchingfunction is end
2023-10-18 16:54:50,981:INFO:fetching.py:8892:fetchingfunction is end
2023-10-18 16:54:50,981:INFO:fetching.py:8892:fetchingfunction is end
2023-10-18 16:54:50,981:INFO:fetching.py:8892:fetchingfunction is end
2023-10-18 16:54:50,981:INFO:fetching.py:8892:fetchingfunction is end
2023-10-18 16:54:50,982:INFO:fetching.py:8892:fetchingfunction is end
2023-10-18 16:54:50,982:INFO:fetching.py:8892:fetchingfunction is end
2023-10-18 16:54:50,982:INFO:fetching.py:8892:fetchingfunction is end
2023-10-18 16:54:50,982:INFO:fetching.py:8892:fetchingfunction is end
2023-10-18 16:54:50,982:INFO:fetching.py:8892:fetchingfunction is end
2023-10-18 16:54:50,982:INFO:fetching.py:8892:fetchingfunction is end
2023-10-18 16:54:50,982:INFO:fetching.py:8892:fetchingfunction is end
2023-10-18 16:54:50,983:INFO:fetching.py:8892:fetchingfunction is end
2023-10-18 16:54:50,983:INFO:fetching.py:8892:fetchingfunction is end
2023-10-18 16:54:50,983:INFO:fetching.py:8892:fetchingfunction is end
2023-10-18 16:54:50,983:INFO:fetching.py:8892:fetchingfunction is end
2023-10-18 16:54:50,983:INFO:fetching.py:8892:fetchingfunction is end
2023-10-18 16:54:50,983:INFO:fetching.py:8892:fetchingfunction is end
2023-10-18 16:54:50,983:INFO:fetching.py:8892:fetchingfunction is end
2023-10-18 16:54:50,983:INFO:fetching.py:8892:fetchingfunction is end
2023-10-18 16:54:50,984:INFO:fetching.py:8892:fetchingfunction is end
2023-10-18 16:54:50,984:INFO:fetching.py:8892:fetchingfunction is end
2023-10-18 16:54:50,984:INFO:fetching.py:8892:fetchingfunction is end
2023-10-18 16:54:50,984:INFO:fetching.py:8892:fetchingfunction is end
2023-10-18 16:54:50,984:INFO:fetching.py:8892:fetchingfunction is end
2023-10-18 16:54:50,984:INFO:fetching.py:8892:fetchingfunction is end
2023-10-18 16:54:50,985:INFO:fetching.py:8892:fetchingfunction is end
2023-10-18 16:54:50,985:INFO:fetching.py:8892:fetchingfunction is end
2023-10-18 16:54:50,985:INFO:fetching.py:8892:fetchingfunction is end
2023-10-18 16:54:50,985:INFO:fetching.py:8892:fetchingfunction is end
2023-10-18 16:54:50,985:INFO:fetching.py:8892:fetchingfunction is end
2023-10-18 16:54:50,985:INFO:fetching.py:8892:fetchingfunction is end
2023-10-18 16:54:50,985:INFO:fetching.py:8892:fetchingfunction is end
2023-10-18 16:54:50,986:INFO:fetching.py:8892:fetchingfunction is end
2023-10-18 16:54:50,986:INFO:fetching.py:8892:fetchingfunction is end
2023-10-18 16:54:50,986:INFO:fetching.py:8892:fetchingfunction is end
2023-10-18 16:54:50,986:INFO:fetching.py:8892:fetchingfunction is end
2023-10-18 16:54:50,986:INFO:fetching.py:8892:fetchingfunction is end
2023-10-18 16:54:50,986:INFO:fetching.py:8892:fetchingfunction is end
2023-10-18 16:54:50,986:INFO:fetching.py:8892:fetchingfunction is end
2023-10-18 16:54:50,986:INFO:fetching.py:8892:fetchingfunction is end
2023-10-18 16:54:50,987:INFO:fetching.py:8892:fetchingfunction is end
2023-10-18 16:54:50,987:INFO:fetching.py:8892:fetchingfunction is end
2023-10-18 16:54:50,987:INFO:fetching.py:8892:fetchingfunction is end
2023-10-18 16:54:50,987:INFO:fetching.py:8892:fetchingfunction is end
2023-10-18 16:54:50,987:INFO:fetching.py:8892:fetchingfunction is end
2023-10-18 16:54:50,987:INFO:fetching.py:8892:fetchingfunction is end
2023-10-18 16:54:50,987:INFO:fetching.py:8892:fetchingfunction is end
2023-10-18 16:54:50,987:INFO:fetching.py:8892:fetchingfunction is end
2023-10-18 16:54:50,987:INFO:fetching.py:8892:fetchingfunction is end
2023-10-18 16:54:50,987:INFO:fetching.py:8892:fetchingfunction is end
2023-10-18 16:54:50,987:INFO:fetching.py:8892:fetchingfunction is end
2023-10-18 16:54:50,987:INFO:fetching.py:8892:fetchingfunction is end
2023-10-18 16:54:50,987:INFO:fetching.py:8892:fetchingfunction is end
2023-10-18 16:54:50,987:INFO:fetching.py:8892:fetchingfunction is end
2023-10-18 16:54:50,988:INFO:fetching.py:8892:fetchingfunction is end
2023-10-18 16:54:50,988:INFO:fetching.py:8892:fetchingfunction is end
2023-10-18 16:54:50,988:INFO:fetching.py:8892:fetchingfunction is end
2023-10-18 16:54:50,988:INFO:fetching.py:8892:fetchingfunction is end
2023-10-18 16:54:50,989:INFO:fetching.py:8892:fetchingfunction is end
2023-10-18 16:54:50,989:INFO:fetching.py:8892:fetchingfunction is end
2023-10-18 16:54:50,989:INFO:fetching.py:8892:fetchingfunction is end
2023-10-18 16:54:50,989:INFO:fetching.py:8892:fetchingfunction is end
2023-10-18 16:54:50,989:INFO:fetching.py:8892:fetchingfunction is end
2023-10-18 16:54:50,989:INFO:fetching.py:8892:fetchingfunction is end
2023-10-18 16:54:50,989:INFO:fetching.py:8892:fetchingfunction is end
2023-10-18 16:54:50,989:INFO:fetching.py:8892:fetchingfunction is end
2023-10-18 16:54:50,989:INFO:fetching.py:8892:fetchingfunction is end
2023-10-18 16:54:50,990:INFO:fetching.py:8892:fetchingfunction is end
2023-10-18 16:54:50,990:INFO:fetching.py:8892:fetchingfunction is end
2023-10-18 16:54:50,990:INFO:fetching.py:8892:fetchingfunction is end
2023-10-18 16:54:50,990:INFO:fetching.py:8892:fetchingfunction is end
2023-10-18 16:54:50,990:INFO:fetching.py:8892:fetchingfunction is end
2023-10-18 16:54:50,991:INFO:fetching.py:8892:fetchingfunction is end
2023-10-18 16:54:50,991:INFO:fetching.py:8892:fetchingfunction is end
2023-10-18 16:54:50,991:INFO:views.py:8892:basic news ends succesfully
2023-10-18 16:54:52,837:INFO:views.py:8892:genreNews views start
2023-10-18 16:54:52,837:INFO:fetching.py:8892:fecthingfunc started
2023-10-18 16:54:52,839:DEBUG:connectionpool.py:8892:Starting new HTTPS connection (1): newsapi.org:443
2023-10-18 16:54:53,582:WARNING:log.py:8892:Not Found: /www.nature.com/immersive/d41586-023-03066-7/assets/hdRhN4m3IO/2023-10_news_iom-sept_rock-art_sm-1066x600.jpg
2023-10-18 16:54:54,207:DEBUG:connectionpool.py:8892:https://newsapi.org:443 "GET /v2/everything?q=None&language=en HTTP/1.1" 200 None
2023-10-18 16:54:54,215:INFO:fetching.py:8892:fetchingfunction is end
2023-10-18 16:54:54,216:INFO:fetching.py:8892:fetchingfunction is end
2023-10-18 16:54:54,216:INFO:fetching.py:8892:fetchingfunction is end
2023-10-18 16:54:54,216:INFO:fetching.py:8892:fetchingfunction is end
2023-10-18 16:54:54,216:INFO:fetching.py:8892:fetchingfunction is end
2023-10-18 16:54:54,216:INFO:fetching.py:8892:fetchingfunction is end
2023-10-18 16:54:54,216:INFO:fetching.py:8892:fetchingfunction is end
2023-10-18 16:54:54,216:INFO:fetching.py:8892:fetchingfunction is end
2023-10-18 16:54:54,216:INFO:fetching.py:8892:fetchingfunction is end
2023-10-18 16:54:54,216:INFO:fetching.py:8892:fetchingfunction is end
2023-10-18 16:54:54,216:INFO:fetching.py:8892:fetchingfunction is end
2023-10-18 16:54:54,216:INFO:fetching.py:8892:fetchingfunction is end
2023-10-18 16:54:54,216:INFO:fetching.py:8892:fetchingfunction is end
2023-10-18 16:54:54,216:INFO:fetching.py:8892:fetchingfunction is end
2023-10-18 16:54:54,217:INFO:fetching.py:8892:fetchingfunction is end
2023-10-18 16:54:54,217:INFO:fetching.py:8892:fetchingfunction is end
2023-10-18 16:54:54,217:INFO:fetching.py:8892:fetchingfunction is end
2023-10-18 16:54:54,217:INFO:fetching.py:8892:fetchingfunction is end
2023-10-18 16:54:54,217:INFO:fetching.py:8892:fetchingfunction is end
2023-10-18 16:54:54,217:INFO:fetching.py:8892:fetchingfunction is end
2023-10-18 16:54:54,217:INFO:fetching.py:8892:fetchingfunction is end
2023-10-18 16:54:54,217:INFO:fetching.py:8892:fetchingfunction is end
2023-10-18 16:54:54,217:INFO:fetching.py:8892:fetchingfunction is end
2023-10-18 16:54:54,217:INFO:fetching.py:8892:fetchingfunction is end
2023-10-18 16:54:54,217:INFO:fetching.py:8892:fetchingfunction is end
2023-10-18 16:54:54,217:INFO:fetching.py:8892:fetchingfunction is end
2023-10-18 16:54:54,217:INFO:fetching.py:8892:fetchingfunction is end
2023-10-18 16:54:54,218:INFO:fetching.py:8892:fetchingfunction is end
2023-10-18 16:54:54,218:INFO:fetching.py:8892:fetchingfunction is end
2023-10-18 16:54:54,218:INFO:fetching.py:8892:fetchingfunction is end
2023-10-18 16:54:54,218:INFO:fetching.py:8892:fetchingfunction is end
2023-10-18 16:54:54,218:INFO:fetching.py:8892:fetchingfunction is end
2023-10-18 16:54:54,218:INFO:fetching.py:8892:fetchingfunction is end
2023-10-18 16:54:54,218:INFO:fetching.py:8892:fetchingfunction is end
2023-10-18 16:54:54,219:INFO:fetching.py:8892:fetchingfunction is end
2023-10-18 16:54:54,219:INFO:fetching.py:8892:fetchingfunction is end
2023-10-18 16:54:54,219:INFO:fetching.py:8892:fetchingfunction is end
2023-10-18 16:54:54,219:INFO:fetching.py:8892:fetchingfunction is end
2023-10-18 16:54:54,219:INFO:fetching.py:8892:fetchingfunction is end
2023-10-18 16:54:54,219:INFO:fetching.py:8892:fetchingfunction is end
2023-10-18 16:54:54,219:INFO:fetching.py:8892:fetchingfunction is end
2023-10-18 16:54:54,219:INFO:fetching.py:8892:fetchingfunction is end
2023-10-18 16:54:54,219:INFO:fetching.py:8892:fetchingfunction is end
2023-10-18 16:54:54,219:INFO:fetching.py:8892:fetchingfunction is end
2023-10-18 16:54:54,219:INFO:fetching.py:8892:fetchingfunction is end
2023-10-18 16:54:54,219:INFO:fetching.py:8892:fetchingfunction is end
2023-10-18 16:54:54,219:INFO:fetching.py:8892:fetchingfunction is end
2023-10-18 16:54:54,219:INFO:fetching.py:8892:fetchingfunction is end
2023-10-18 16:54:54,219:INFO:fetching.py:8892:fetchingfunction is end
2023-10-18 16:54:54,219:INFO:fetching.py:8892:fetchingfunction is end
2023-10-18 16:54:54,220:INFO:fetching.py:8892:fetchingfunction is end
2023-10-18 16:54:54,220:INFO:fetching.py:8892:fetchingfunction is end
2023-10-18 16:54:54,220:INFO:fetching.py:8892:fetchingfunction is end
2023-10-18 16:54:54,220:INFO:fetching.py:8892:fetchingfunction is end
2023-10-18 16:54:54,220:INFO:fetching.py:8892:fetchingfunction is end
2023-10-18 16:54:54,220:INFO:fetching.py:8892:fetchingfunction is end
2023-10-18 16:54:54,220:INFO:fetching.py:8892:fetchingfunction is end
2023-10-18 16:54:54,220:INFO:fetching.py:8892:fetchingfunction is end
2023-10-18 16:54:54,220:INFO:fetching.py:8892:fetchingfunction is end
2023-10-18 16:54:54,220:INFO:fetching.py:8892:fetchingfunction is end
2023-10-18 16:54:54,220:INFO:fetching.py:8892:fetchingfunction is end
2023-10-18 16:54:54,220:INFO:fetching.py:8892:fetchingfunction is end
2023-10-18 16:54:54,220:INFO:fetching.py:8892:fetchingfunction is end
2023-10-18 16:54:54,221:INFO:fetching.py:8892:fetchingfunction is end
2023-10-18 16:54:54,221:INFO:fetching.py:8892:fetchingfunction is end
2023-10-18 16:54:54,221:INFO:fetching.py:8892:fetchingfunction is end
2023-10-18 16:54:54,221:INFO:fetching.py:8892:fetchingfunction is end
2023-10-18 16:54:54,221:INFO:fetching.py:8892:fetchingfunction is end
2023-10-18 16:54:54,221:INFO:fetching.py:8892:fetchingfunction is end
2023-10-18 16:54:54,221:INFO:fetching.py:8892:fetchingfunction is end
2023-10-18 16:54:54,221:INFO:fetching.py:8892:fetchingfunction is end
2023-10-18 16:54:54,221:INFO:fetching.py:8892:fetchingfunction is end
2023-10-18 16:54:54,222:INFO:fetching.py:8892:fetchingfunction is end
2023-10-18 16:54:54,222:INFO:fetching.py:8892:fetchingfunction is end
2023-10-18 16:54:54,222:INFO:fetching.py:8892:fetchingfunction is end
2023-10-18 16:54:54,222:INFO:fetching.py:8892:fetchingfunction is end
2023-10-18 16:54:54,222:INFO:fetching.py:8892:fetchingfunction is end
2023-10-18 16:54:54,222:INFO:fetching.py:8892:fetchingfunction is end
2023-10-18 16:54:54,222:INFO:fetching.py:8892:fetchingfunction is end
2023-10-18 16:54:54,223:INFO:fetching.py:8892:fetchingfunction is end
2023-10-18 16:54:54,223:INFO:fetching.py:8892:fetchingfunction is end
2023-10-18 16:54:54,223:INFO:fetching.py:8892:fetchingfunction is end
2023-10-18 16:54:54,223:INFO:fetching.py:8892:fetchingfunction is end
2023-10-18 16:54:54,223:INFO:fetching.py:8892:fetchingfunction is end
2023-10-18 16:54:54,223:INFO:fetching.py:8892:fetchingfunction is end
2023-10-18 16:54:54,223:INFO:fetching.py:8892:fetchingfunction is end
2023-10-18 16:54:54,223:INFO:fetching.py:8892:fetchingfunction is end
2023-10-18 16:54:54,224:INFO:fetching.py:8892:fetchingfunction is end
2023-10-18 16:54:54,224:INFO:fetching.py:8892:fetchingfunction is end
2023-10-18 16:54:54,224:INFO:fetching.py:8892:fetchingfunction is end
2023-10-18 16:54:54,224:INFO:fetching.py:8892:fetchingfunction is end
2023-10-18 16:54:54,224:INFO:fetching.py:8892:fetchingfunction is end
2023-10-18 16:54:54,224:INFO:fetching.py:8892:fetchingfunction is end
2023-10-18 16:54:54,224:INFO:fetching.py:8892:fetchingfunction is end
2023-10-18 16:54:54,225:INFO:fetching.py:8892:fetchingfunction is end
2023-10-18 16:54:54,225:INFO:fetching.py:8892:fetchingfunction is end
2023-10-18 16:54:54,225:INFO:fetching.py:8892:fetchingfunction is end
2023-10-18 16:54:54,225:INFO:fetching.py:8892:fetchingfunction is end
2023-10-18 16:54:54,225:INFO:fetching.py:8892:fetchingfunction is end
2023-10-18 16:54:54,225:INFO:fetching.py:8892:fetchingfunction is end
2023-10-18 16:54:54,226:INFO:views.py:8892:GenreNews views ends succesfully
2023-10-18 16:54:55,281:INFO:views.py:8892:genreNews views start
2023-10-18 16:54:55,282:INFO:fetching.py:8892:fecthingfunc started
2023-10-18 16:54:55,286:DEBUG:connectionpool.py:8892:Starting new HTTPS connection (1): newsapi.org:443
2023-10-18 16:54:56,466:DEBUG:connectionpool.py:8892:https://newsapi.org:443 "GET /v2/everything?q=favicon.ico&language=en HTTP/1.1" 200 None
2023-10-18 16:54:56,511:INFO:fetching.py:8892:fetchingfunction is end
2023-10-18 16:54:56,512:INFO:fetching.py:8892:fetchingfunction is end
2023-10-18 16:54:56,512:INFO:fetching.py:8892:fetchingfunction is end
2023-10-18 16:54:56,512:INFO:fetching.py:8892:fetchingfunction is end
2023-10-18 16:54:56,512:INFO:fetching.py:8892:fetchingfunction is end
2023-10-18 16:54:56,512:INFO:fetching.py:8892:fetchingfunction is end
2023-10-18 16:54:56,513:INFO:fetching.py:8892:fetchingfunction is end
2023-10-18 16:54:56,513:INFO:fetching.py:8892:fetchingfunction is end
2023-10-18 16:54:56,513:INFO:fetching.py:8892:fetchingfunction is end
2023-10-18 16:54:56,513:INFO:fetching.py:8892:fetchingfunction is end
2023-10-18 16:54:56,513:INFO:fetching.py:8892:fetchingfunction is end
2023-10-18 16:54:56,513:INFO:fetching.py:8892:fetchingfunction is end
2023-10-18 16:54:56,514:INFO:fetching.py:8892:fetchingfunction is end
2023-10-18 16:54:56,514:INFO:fetching.py:8892:fetchingfunction is end
2023-10-18 16:54:56,514:INFO:fetching.py:8892:fetchingfunction is end
2023-10-18 16:54:56,514:INFO:fetching.py:8892:fetchingfunction is end
2023-10-18 16:54:56,514:INFO:fetching.py:8892:fetchingfunction is end
2023-10-18 16:54:56,514:INFO:fetching.py:8892:fetchingfunction is end
2023-10-18 16:54:56,514:INFO:fetching.py:8892:fetchingfunction is end
2023-10-18 16:54:56,515:INFO:fetching.py:8892:fetchingfunction is end
2023-10-18 16:54:56,515:INFO:fetching.py:8892:fetchingfunction is end
2023-10-18 16:54:56,515:INFO:fetching.py:8892:fetchingfunction is end
2023-10-18 16:54:56,515:INFO:fetching.py:8892:fetchingfunction is end
2023-10-18 16:54:56,515:INFO:fetching.py:8892:fetchingfunction is end
2023-10-18 16:54:56,515:INFO:views.py:8892:GenreNews views ends succesfully
2023-10-18 17:00:17,393:INFO:models.py:26764:NewsArticle model creation started
2023-10-18 17:00:17,394:INFO:models.py:26764:NewsArticle model created successfully
2023-10-18 17:00:18,290:INFO:views.py:26764:basic news views called
2023-10-18 17:00:18,291:INFO:fetching.py:26764:fecthingfunc started
2023-10-18 17:00:18,294:DEBUG:connectionpool.py:26764:Starting new HTTPS connection (1): newsapi.org:443
2023-10-18 17:00:19,509:DEBUG:connectionpool.py:26764:https://newsapi.org:443 "GET /v2/everything?q=top-headlines&language=en HTTP/1.1" 200 None
2023-10-18 17:00:19,516:INFO:fetching.py:26764:fetchingfunction is end
2023-10-18 17:00:19,517:INFO:fetching.py:26764:fetchingfunction is end
2023-10-18 17:00:19,517:INFO:fetching.py:26764:fetchingfunction is end
2023-10-18 17:00:19,518:INFO:fetching.py:26764:fetchingfunction is end
2023-10-18 17:00:19,518:INFO:fetching.py:26764:fetchingfunction is end
2023-10-18 17:00:19,519:INFO:fetching.py:26764:fetchingfunction is end
2023-10-18 17:00:19,519:INFO:fetching.py:26764:fetchingfunction is end
2023-10-18 17:00:19,520:INFO:fetching.py:26764:fetchingfunction is end
2023-10-18 17:00:19,520:INFO:fetching.py:26764:fetchingfunction is end
2023-10-18 17:00:19,521:INFO:fetching.py:26764:fetchingfunction is end
2023-10-18 17:00:19,521:INFO:fetching.py:26764:fetchingfunction is end
2023-10-18 17:00:19,522:INFO:fetching.py:26764:fetchingfunction is end
2023-10-18 17:00:19,522:INFO:fetching.py:26764:fetchingfunction is end
2023-10-18 17:00:19,523:INFO:fetching.py:26764:fetchingfunction is end
2023-10-18 17:00:19,523:INFO:fetching.py:26764:fetchingfunction is end
2023-10-18 17:00:19,523:INFO:fetching.py:26764:fetchingfunction is end
2023-10-18 17:00:19,524:INFO:fetching.py:26764:fetchingfunction is end
2023-10-18 17:00:19,524:INFO:fetching.py:26764:fetchingfunction is end
2023-10-18 17:00:19,525:INFO:fetching.py:26764:fetchingfunction is end
2023-10-18 17:00:19,525:INFO:fetching.py:26764:fetchingfunction is end
2023-10-18 17:00:19,526:INFO:fetching.py:26764:fetchingfunction is end
2023-10-18 17:00:19,526:INFO:fetching.py:26764:fetchingfunction is end
2023-10-18 17:00:19,526:INFO:fetching.py:26764:fetchingfunction is end
2023-10-18 17:00:19,527:INFO:fetching.py:26764:fetchingfunction is end
2023-10-18 17:00:19,527:INFO:fetching.py:26764:fetchingfunction is end
2023-10-18 17:00:19,527:INFO:fetching.py:26764:fetchingfunction is end
2023-10-18 17:00:19,528:INFO:fetching.py:26764:fetchingfunction is end
2023-10-18 17:00:19,528:INFO:fetching.py:26764:fetchingfunction is end
2023-10-18 17:00:19,528:INFO:fetching.py:26764:fetchingfunction is end
2023-10-18 17:00:19,529:INFO:fetching.py:26764:fetchingfunction is end
2023-10-18 17:00:19,529:INFO:fetching.py:26764:fetchingfunction is end
2023-10-18 17:00:19,530:INFO:fetching.py:26764:fetchingfunction is end
2023-10-18 17:00:19,530:INFO:fetching.py:26764:fetchingfunction is end
2023-10-18 17:00:19,530:INFO:fetching.py:26764:fetchingfunction is end
2023-10-18 17:00:19,531:INFO:fetching.py:26764:fetchingfunction is end
2023-10-18 17:00:19,531:INFO:fetching.py:26764:fetchingfunction is end
2023-10-18 17:00:19,531:INFO:fetching.py:26764:fetchingfunction is end
2023-10-18 17:00:19,531:INFO:fetching.py:26764:fetchingfunction is end
2023-10-18 17:00:19,532:INFO:fetching.py:26764:fetchingfunction is end
2023-10-18 17:00:19,532:INFO:fetching.py:26764:fetchingfunction is end
2023-10-18 17:00:19,532:INFO:fetching.py:26764:fetchingfunction is end
2023-10-18 17:00:19,533:INFO:fetching.py:26764:fetchingfunction is end
2023-10-18 17:00:19,533:INFO:fetching.py:26764:fetchingfunction is end
2023-10-18 17:00:19,534:INFO:fetching.py:26764:fetchingfunction is end
2023-10-18 17:00:19,534:INFO:fetching.py:26764:fetchingfunction is end
2023-10-18 17:00:19,534:INFO:fetching.py:26764:fetchingfunction is end
2023-10-18 17:00:19,535:INFO:fetching.py:26764:fetchingfunction is end
2023-10-18 17:00:19,535:INFO:fetching.py:26764:fetchingfunction is end
2023-10-18 17:00:19,536:INFO:fetching.py:26764:fetchingfunction is end
2023-10-18 17:00:19,536:INFO:fetching.py:26764:fetchingfunction is end
2023-10-18 17:00:19,536:INFO:fetching.py:26764:fetchingfunction is end
2023-10-18 17:00:19,537:INFO:fetching.py:26764:fetchingfunction is end
2023-10-18 17:00:19,537:INFO:fetching.py:26764:fetchingfunction is end
2023-10-18 17:00:19,537:INFO:fetching.py:26764:fetchingfunction is end
2023-10-18 17:00:19,538:INFO:fetching.py:26764:fetchingfunction is end
2023-10-18 17:00:19,538:INFO:fetching.py:26764:fetchingfunction is end
2023-10-18 17:00:19,538:INFO:fetching.py:26764:fetchingfunction is end
2023-10-18 17:00:19,539:INFO:fetching.py:26764:fetchingfunction is end
2023-10-18 17:00:19,539:INFO:fetching.py:26764:fetchingfunction is end
2023-10-18 17:00:19,539:INFO:fetching.py:26764:fetchingfunction is end
2023-10-18 17:00:19,540:INFO:fetching.py:26764:fetchingfunction is end
2023-10-18 17:00:19,540:INFO:fetching.py:26764:fetchingfunction is end
2023-10-18 17:00:19,540:INFO:fetching.py:26764:fetchingfunction is end
2023-10-18 17:00:19,541:INFO:fetching.py:26764:fetchingfunction is end
2023-10-18 17:00:19,541:INFO:fetching.py:26764:fetchingfunction is end
2023-10-18 17:00:19,541:INFO:fetching.py:26764:fetchingfunction is end
2023-10-18 17:00:19,542:INFO:fetching.py:26764:fetchingfunction is end
2023-10-18 17:00:19,543:INFO:fetching.py:26764:fetchingfunction is end
2023-10-18 17:00:19,543:INFO:fetching.py:26764:fetchingfunction is end
2023-10-18 17:00:19,544:INFO:fetching.py:26764:fetchingfunction is end
2023-10-18 17:00:19,544:INFO:fetching.py:26764:fetchingfunction is end
2023-10-18 17:00:19,545:INFO:fetching.py:26764:fetchingfunction is end
2023-10-18 17:00:19,545:INFO:fetching.py:26764:fetchingfunction is end
2023-10-18 17:00:19,546:INFO:fetching.py:26764:fetchingfunction is end
2023-10-18 17:00:19,546:INFO:fetching.py:26764:fetchingfunction is end
2023-10-18 17:00:19,546:INFO:fetching.py:26764:fetchingfunction is end
2023-10-18 17:00:19,546:INFO:fetching.py:26764:fetchingfunction is end
2023-10-18 17:00:19,546:INFO:fetching.py:26764:fetchingfunction is end
2023-10-18 17:00:19,546:INFO:fetching.py:26764:fetchingfunction is end
2023-10-18 17:00:19,547:INFO:fetching.py:26764:fetchingfunction is end
2023-10-18 17:00:19,547:INFO:fetching.py:26764:fetchingfunction is end
2023-10-18 17:00:19,547:INFO:fetching.py:26764:fetchingfunction is end
2023-10-18 17:00:19,548:INFO:fetching.py:26764:fetchingfunction is end
2023-10-18 17:00:19,548:INFO:fetching.py:26764:fetchingfunction is end
2023-10-18 17:00:19,548:INFO:fetching.py:26764:fetchingfunction is end
2023-10-18 17:00:19,549:INFO:fetching.py:26764:fetchingfunction is end
2023-10-18 17:00:19,549:INFO:fetching.py:26764:fetchingfunction is end
2023-10-18 17:00:19,549:INFO:fetching.py:26764:fetchingfunction is end
2023-10-18 17:00:19,550:INFO:fetching.py:26764:fetchingfunction is end
2023-10-18 17:00:19,550:INFO:fetching.py:26764:fetchingfunction is end
2023-10-18 17:00:19,550:INFO:fetching.py:26764:fetchingfunction is end
2023-10-18 17:00:19,551:INFO:fetching.py:26764:fetchingfunction is end
2023-10-18 17:00:19,551:INFO:fetching.py:26764:fetchingfunction is end
2023-10-18 17:00:19,551:INFO:fetching.py:26764:fetchingfunction is end
2023-10-18 17:00:19,552:INFO:fetching.py:26764:fetchingfunction is end
2023-10-18 17:00:19,552:INFO:fetching.py:26764:fetchingfunction is end
2023-10-18 17:00:19,552:INFO:fetching.py:26764:fetchingfunction is end
2023-10-18 17:00:19,552:INFO:fetching.py:26764:fetchingfunction is end
2023-10-18 17:00:19,554:INFO:fetching.py:26764:fetchingfunction is end
2023-10-18 17:00:19,554:INFO:fetching.py:26764:fetchingfunction is end
2023-10-18 17:00:19,555:INFO:views.py:26764:basic news ends succesfully
2023-10-18 17:00:19,608:INFO:views.py:26764:genreNews views start
2023-10-18 17:00:19,609:INFO:fetching.py:26764:fecthingfunc started
2023-10-18 17:00:19,610:DEBUG:connectionpool.py:26764:Starting new HTTPS connection (1): newsapi.org:443
2023-10-18 17:00:20,710:DEBUG:connectionpool.py:26764:https://newsapi.org:443 "GET /v2/everything?q=sports&language=en HTTP/1.1" 200 None
2023-10-18 17:00:20,714:INFO:fetching.py:26764:fetchingfunction is end
2023-10-18 17:00:20,714:INFO:fetching.py:26764:fetchingfunction is end
2023-10-18 17:00:20,714:INFO:fetching.py:26764:fetchingfunction is end
2023-10-18 17:00:20,715:INFO:fetching.py:26764:fetchingfunction is end
2023-10-18 17:00:20,715:INFO:fetching.py:26764:fetchingfunction is end
2023-10-18 17:00:20,716:INFO:fetching.py:26764:fetchingfunction is end
2023-10-18 17:00:20,716:INFO:fetching.py:26764:fetchingfunction is end
2023-10-18 17:00:20,716:INFO:fetching.py:26764:fetchingfunction is end
2023-10-18 17:00:20,717:INFO:fetching.py:26764:fetchingfunction is end
2023-10-18 17:00:20,717:INFO:fetching.py:26764:fetchingfunction is end
2023-10-18 17:00:20,717:INFO:fetching.py:26764:fetchingfunction is end
2023-10-18 17:00:20,717:INFO:fetching.py:26764:fetchingfunction is end
2023-10-18 17:00:20,718:INFO:fetching.py:26764:fetchingfunction is end
2023-10-18 17:00:20,718:INFO:fetching.py:26764:fetchingfunction is end
2023-10-18 17:00:20,718:INFO:fetching.py:26764:fetchingfunction is end
2023-10-18 17:00:20,718:INFO:fetching.py:26764:fetchingfunction is end
2023-10-18 17:00:20,719:INFO:fetching.py:26764:fetchingfunction is end
2023-10-18 17:00:20,719:INFO:fetching.py:26764:fetchingfunction is end
2023-10-18 17:00:20,719:INFO:fetching.py:26764:fetchingfunction is end
2023-10-18 17:00:20,720:INFO:fetching.py:26764:fetchingfunction is end
2023-10-18 17:00:20,720:INFO:fetching.py:26764:fetchingfunction is end
2023-10-18 17:00:20,720:INFO:fetching.py:26764:fetchingfunction is end
2023-10-18 17:00:20,721:INFO:fetching.py:26764:fetchingfunction is end
2023-10-18 17:00:20,721:INFO:fetching.py:26764:fetchingfunction is end
2023-10-18 17:00:20,721:INFO:fetching.py:26764:fetchingfunction is end
2023-10-18 17:00:20,721:INFO:fetching.py:26764:fetchingfunction is end
2023-10-18 17:00:20,722:INFO:fetching.py:26764:fetchingfunction is end
2023-10-18 17:00:20,722:INFO:fetching.py:26764:fetchingfunction is end
2023-10-18 17:00:20,722:INFO:fetching.py:26764:fetchingfunction is end
2023-10-18 17:00:20,722:INFO:fetching.py:26764:fetchingfunction is end
2023-10-18 17:00:20,723:INFO:fetching.py:26764:fetchingfunction is end
2023-10-18 17:00:20,723:INFO:fetching.py:26764:fetchingfunction is end
2023-10-18 17:00:20,723:INFO:fetching.py:26764:fetchingfunction is end
2023-10-18 17:00:20,724:INFO:fetching.py:26764:fetchingfunction is end
2023-10-18 17:00:20,724:INFO:fetching.py:26764:fetchingfunction is end
2023-10-18 17:00:20,724:INFO:fetching.py:26764:fetchingfunction is end
2023-10-18 17:00:20,724:INFO:fetching.py:26764:fetchingfunction is end
2023-10-18 17:00:20,724:INFO:fetching.py:26764:fetchingfunction is end
2023-10-18 17:00:20,725:INFO:fetching.py:26764:fetchingfunction is end
2023-10-18 17:00:20,726:INFO:fetching.py:26764:fetchingfunction is end
2023-10-18 17:00:20,726:INFO:fetching.py:26764:fetchingfunction is end
2023-10-18 17:00:20,726:INFO:fetching.py:26764:fetchingfunction is end
2023-10-18 17:00:20,726:INFO:fetching.py:26764:fetchingfunction is end
2023-10-18 17:00:20,727:INFO:fetching.py:26764:fetchingfunction is end
2023-10-18 17:00:20,727:INFO:fetching.py:26764:fetchingfunction is end
2023-10-18 17:00:20,727:INFO:fetching.py:26764:fetchingfunction is end
2023-10-18 17:00:20,727:INFO:fetching.py:26764:fetchingfunction is end
2023-10-18 17:00:20,728:INFO:fetching.py:26764:fetchingfunction is end
2023-10-18 17:00:20,728:INFO:fetching.py:26764:fetchingfunction is end
2023-10-18 17:00:20,728:INFO:fetching.py:26764:fetchingfunction is end
2023-10-18 17:00:20,728:INFO:fetching.py:26764:fetchingfunction is end
2023-10-18 17:00:20,729:INFO:fetching.py:26764:fetchingfunction is end
2023-10-18 17:00:20,729:INFO:fetching.py:26764:fetchingfunction is end
2023-10-18 17:00:20,729:INFO:fetching.py:26764:fetchingfunction is end
2023-10-18 17:00:20,729:INFO:fetching.py:26764:fetchingfunction is end
2023-10-18 17:00:20,730:INFO:fetching.py:26764:fetchingfunction is end
2023-10-18 17:00:20,730:INFO:fetching.py:26764:fetchingfunction is end
2023-10-18 17:00:20,730:INFO:fetching.py:26764:fetchingfunction is end
2023-10-18 17:00:20,730:INFO:fetching.py:26764:fetchingfunction is end
2023-10-18 17:00:20,731:INFO:fetching.py:26764:fetchingfunction is end
2023-10-18 17:00:20,731:INFO:fetching.py:26764:fetchingfunction is end
2023-10-18 17:00:20,731:INFO:fetching.py:26764:fetchingfunction is end
2023-10-18 17:00:20,731:INFO:fetching.py:26764:fetchingfunction is end
2023-10-18 17:00:20,732:INFO:fetching.py:26764:fetchingfunction is end
2023-10-18 17:00:20,732:INFO:fetching.py:26764:fetchingfunction is end
2023-10-18 17:00:20,732:INFO:fetching.py:26764:fetchingfunction is end
2023-10-18 17:00:20,732:INFO:fetching.py:26764:fetchingfunction is end
2023-10-18 17:00:20,733:INFO:fetching.py:26764:fetchingfunction is end
2023-10-18 17:00:20,733:INFO:fetching.py:26764:fetchingfunction is end
2023-10-18 17:00:20,733:INFO:fetching.py:26764:fetchingfunction is end
2023-10-18 17:00:20,733:INFO:fetching.py:26764:fetchingfunction is end
2023-10-18 17:00:20,734:INFO:fetching.py:26764:fetchingfunction is end
2023-10-18 17:00:20,734:INFO:fetching.py:26764:fetchingfunction is end
2023-10-18 17:00:20,734:INFO:fetching.py:26764:fetchingfunction is end
2023-10-18 17:00:20,734:INFO:fetching.py:26764:fetchingfunction is end
2023-10-18 17:00:20,734:INFO:fetching.py:26764:fetchingfunction is end
2023-10-18 17:00:20,734:INFO:fetching.py:26764:fetchingfunction is end
2023-10-18 17:00:20,735:INFO:fetching.py:26764:fetchingfunction is end
2023-10-18 17:00:20,735:INFO:fetching.py:26764:fetchingfunction is end
2023-10-18 17:00:20,735:INFO:fetching.py:26764:fetchingfunction is end
2023-10-18 17:00:20,735:INFO:fetching.py:26764:fetchingfunction is end
2023-10-18 17:00:20,737:INFO:fetching.py:26764:fetchingfunction is end
2023-10-18 17:00:20,738:INFO:fetching.py:26764:fetchingfunction is end
2023-10-18 17:00:20,739:INFO:fetching.py:26764:fetchingfunction is end
2023-10-18 17:00:20,739:INFO:fetching.py:26764:fetchingfunction is end
2023-10-18 17:00:20,739:INFO:fetching.py:26764:fetchingfunction is end
2023-10-18 17:00:20,739:INFO:fetching.py:26764:fetchingfunction is end
2023-10-18 17:00:20,740:INFO:fetching.py:26764:fetchingfunction is end
2023-10-18 17:00:20,740:INFO:fetching.py:26764:fetchingfunction is end
2023-10-18 17:00:20,740:INFO:fetching.py:26764:fetchingfunction is end
2023-10-18 17:00:20,741:INFO:fetching.py:26764:fetchingfunction is end
2023-10-18 17:00:20,741:INFO:fetching.py:26764:fetchingfunction is end
2023-10-18 17:00:20,741:INFO:fetching.py:26764:fetchingfunction is end
2023-10-18 17:00:20,742:INFO:fetching.py:26764:fetchingfunction is end
2023-10-18 17:00:20,742:INFO:fetching.py:26764:fetchingfunction is end
2023-10-18 17:00:20,742:INFO:fetching.py:26764:fetchingfunction is end
2023-10-18 17:00:20,742:INFO:fetching.py:26764:fetchingfunction is end
2023-10-18 17:00:20,744:INFO:fetching.py:26764:fetchingfunction is end
2023-10-18 17:00:20,745:INFO:fetching.py:26764:fetchingfunction is end
2023-10-18 17:00:20,745:INFO:fetching.py:26764:fetchingfunction is end
2023-10-18 17:00:20,745:INFO:views.py:26764:GenreNews views ends succesfully
